<?xml version="1.0" encoding="UTF-8"?>
<testsuite xmlns:xsi="http://www.w3.org/2001/XMLSchema-instance" xsi:schemaLocation="https://maven.apache.org/surefire/maven-surefire-plugin/xsd/surefire-test-report.xsd" name="com.exner.tools.analyticstdd.GenericTests4AnalyticsProject.AllTests" time="9.549" tests="1" errors="0" skipped="0" failures="0">
  <properties>
[...]
</properties>
  <testcase name="jQuery loaded - http://www.jan-exner.de/" classname="com.exner.tools.analyticstdd.GenericTests4AnalyticsProject.tests.JQueryLoadedTestCase" time="8.352"/>
</testsuite>